Generated Block Diagram.
Rasterizing proc_sys_reset_0.jpg.....
Rasterizing microblaze_0_ilmb.jpg.....
Rasterizing microblaze_0_i_bram_ctrl.jpg.....
Rasterizing microblaze_0_dlmb.jpg.....
Rasterizing microblaze_0_d_bram_ctrl.jpg.....
Rasterizing microblaze_0_bram_block.jpg.....
Rasterizing microblaze_0.jpg.....
Rasterizing debug_module.jpg.....
Rasterizing clock_generator_0.jpg.....
Rasterizing axi_vdma_0.jpg.....
org.apache.batik.transcoder.TranscoderException: nul
Enclosed Exception
file:/C:/EE427/SpaceInvaderTestHW2/__xps/.dswkshop/axi_vdma_0.svg:-
Cannot find the referenced element
"#AXIS_busconn_INITIATOR
specified on the element <use> - may be a problem of id
	at org.apache.batik.transcoder.SVGAbstractTranscoder.transcode(Unknown Source)
	at org.apache.batik.transcoder.image.ImageTranscoder.transcode(Unknown Source)
	at org.apache.batik.transcoder.XMLAbstractTranscoder.transcode(Unknown Source)
	at org.apache.batik.transcoder.SVGAbstractTranscoder.transcode(Unknown Source)
	at MdtSvgDiag_Rasterize._rasterizeIMG(MdtSvgDiag_Rasterize.java:156)
	at MdtSvgDiag_Rasterize.batchMode(MdtSvgDiag_Rasterize.java:91)
	at MdtSvgDiag_Rasterize.main(MdtSvgDiag_Rasterize.java:24)
Report generated.
Report generation completed.
